11/09/2015 19:58:40 INICIANDO...
11/09/2015 19:58:40 1.5.1.1
11/09/2015 19:58:40 Usuário: Deyvison(Administrador)
11/09/2015 19:58:40 Versão do Sistema Operacional: 6.2.9200
11/09/2015 19:58:40 64 Bits: true
11/09/2015 19:58:40  43.0.0.5770 ( 43.0 )
11/09/2015 19:58:40 UAC: Ativado
11/09/2015 19:58:40 Verificando se Mozilla Firefox está instalado...
11/09/2015 19:58:40 Mozilla Firefox instalado.
11/09/2015 19:58:40 [Funcionamento do Serviço do Plugin] Verificando...
11/09/2015 19:58:40 [Funcionamento do Serviço do Plugin] Ok.
11/09/2015 19:58:40 [Desinstalação do Stormfish] Verificando...
11/09/2015 19:58:40 [Desinstalação do Stormfish] Limpando...
11/09/2015 19:58:48 [Desinstalação do Stormfish] Ok.
11/09/2015 19:58:48 [Preparando instalação Warsaw] Verificando...
11/09/2015 19:58:48 [Preparando instalação Warsaw] Efetuando download do instalador...
11/09/2015 19:58:59 [Preparando instalação Warsaw] Instalando...
11/09/2015 19:59:07 [Preparando instalação Warsaw] Ok.
11/09/2015 19:59:08 [Permissões dos arquivos do Plugin] Verificando...
11/09/2015 19:59:08 [Permissões dos arquivos do Plugin] Ok.
11/09/2015 19:59:08 [Limpeza do cache no Internet Explorer] Verificando...
11/09/2015 19:59:08 [Limpeza do cache no Internet Explorer] Limpando...
11/09/2015 19:59:08 [Limpeza do cache no Internet Explorer] Ok.
11/09/2015 19:59:08 [Instalação do Plugin no Internet Explorer] Verificando...
11/09/2015 19:59:08 [Instalação do Plugin no Internet Explorer] Efetuando download do instalador...
11/09/2015 20:01:53 [Instalação do Plugin no Internet Explorer] Instalando...
11/09/2015 20:02:45 [Instalação do Plugin no Internet Explorer] Ok.
11/09/2015 20:02:45 [Ativação ActiveX no Internet Explorer] Verificando...
11/09/2015 20:02:45 [Ativação ActiveX no Internet Explorer] Ok.
11/09/2015 20:02:45 [Sites confiáveis no Internet Explorer] Verificando url(s) dos domínios confiáveis...
11/09/2015 20:02:45 [Sites confiáveis no Internet Explorer] Ok.
11/09/2015 20:02:45 [Ativação do Plugin no Internet Explorer] Verificando...
11/09/2015 20:02:45 [Ativação do Plugin no Internet Explorer] Ok.
11/09/2015 20:02:45 [Instalação do Warsaw] Verificando...
11/09/2015 20:02:45 [Instalação do Warsaw] Efetuando download do instalador...
11/09/2015 20:10:56 [Instalação do Warsaw] O instalador baixado é inválido.
11/09/2015 20:10:56 Foram detectados problemas durante a execução do processo.
11/09/2015 20:10:56 CONCLUÍDO.
