11/09/2015 21:11:24 INICIANDO...
11/09/2015 21:11:24 1.5.1.1
11/09/2015 21:11:24 Usuário: Deyvison()
11/09/2015 21:11:24 Versão do Sistema Operacional: 6.2.9200
11/09/2015 21:11:24 64 Bits: true
11/09/2015 21:11:24  43.0.0.5770 ( 43.0 )
11/09/2015 21:11:24  
11/09/2015 21:11:24 Verificando se Firefox está instalado...
11/09/2015 21:11:24 Firefox instalado, ajustando configurações necessárias...
11/09/2015 21:11:24 [Funcionamento do Serviço] Verificando...
11/09/2015 21:11:24 [Funcionamento do Serviço] Ok.
11/09/2015 21:11:24 [Atualização Windows Installer] Verificando...
11/09/2015 21:11:24 [Atualização Windows Installer] Ok.
11/09/2015 21:11:24 [Terminal Services] Verificando...
11/09/2015 21:11:24 [Terminal Services] Ok.
11/09/2015 21:11:24 [Permissões dos arquivos do Stormfish] Verificando...
11/09/2015 21:11:24 [Permissões dos arquivos do Stormfish] Ok.
11/09/2015 21:11:24 [Desinstalação do Stormfish] Verificando...
11/09/2015 21:11:24 [Desinstalação do Stormfish] Limpando...
11/09/2015 21:11:33 [Desinstalação do Stormfish] Ok.
11/09/2015 21:11:33 [Instalação do Stormfish] Verificando...
11/09/2015 21:11:33 [Instalação do Stormfish] Efetuando download do instalador...
11/09/2015 21:14:01 [Instalação do Stormfish] Instalando...
11/09/2015 21:14:25 [Instalação do Stormfish] Ok.
11/09/2015 21:14:25 [Permissões dos arquivos do Plugin] Verificando...
11/09/2015 21:14:25 [Permissões dos arquivos do Plugin] Ok.
11/09/2015 21:14:25 [Limpeza do cache IE] Verificando...
11/09/2015 21:14:25 [Limpeza do cache IE] Limpando...
11/09/2015 21:14:25 [Limpeza do cache IE] Ok.
11/09/2015 21:14:25 [Instalação do Plugin] Verificando...
11/09/2015 21:14:25 [Instalação do Plugin] Ok.
11/09/2015 21:14:25 [Ativação ActiveX IE] Verificando...
11/09/2015 21:14:25 [Ativação ActiveX IE] Ok.
11/09/2015 21:14:25 [Sites confiáveis IE] Verificando url(s) dos domínios confiáveis...
11/09/2015 21:14:25 [Sites confiáveis IE] Ok.
11/09/2015 21:14:25 [Limpeza do cache MZ] Verificando...
11/09/2015 21:14:25 [Limpeza do cache MZ] Limpando...
11/09/2015 21:14:25 [Limpeza do cache MZ] Ok.
11/09/2015 21:14:25 [Sites confiáveis MZ] Verificando url(s) dos domínios confiáveis...
11/09/2015 21:14:29 [Sites confiáveis MZ] Ok.
11/09/2015 21:14:29 [Segurança MZ] Verificando...
11/09/2015 21:14:29 [Segurança MZ] Ok.
11/09/2015 21:14:29 [Checando serviço do WarSaw] Verificando...
11/09/2015 21:14:29 [Checando serviço do WarSaw] Efetuando download do instalador...
11/09/2015 21:15:15 [Checando serviço do WarSaw] Ocorreu um problema durante o download.
11/09/2015 21:15:21 CONCLUÍDO.
